<?xml version="1.0" encoding="UTF-8"?>
<!-- Generated by org.testng.reporters.JUnitXMLReporter -->
<testsuite ignored="2" hostname="DESKTOP-2PSCSJ2" failures="0" tests="1" name="Default test" time="35.543" errors="0" timestamp="2024-12-29T14:17:50 AST">
  <testcase classname="com.devtools.testcases.PerformanceTabDetails" name="verifyRecordResponse" time="34.282"/>
  <testcase classname="com.devtools.testcases.PerformanceTabDetails" name="verifyPerformanceTabDetails" time="0.0">
    <ignored/>
  </testcase> <!-- verifyPerformanceTabDetails -->
  <testcase classname="com.devtools.testcases.PerformanceTabDetails" name="verifyBrowserCookiesDetails" time="0.0">
    <ignored/>
  </testcase> <!-- verifyBrowserCookiesDetails -->
</testsuite> <!-- Default test -->
