<?xml version="1.0" encoding="UTF-8"?>
<!-- Generated by org.testng.reporters.JUnitXMLReporter -->
<testsuite ignored="2" hostname="DESKTOP-2PSCSJ2" failures="0" tests="1" name="Default test" time="12.352" errors="0" timestamp="2024-09-11T15:57:38 AST">
  <testcase classname="com.devtools.testcases.PerformanceTabDetails" name="verifyRecordResponse" time="11.01"/>
  <testcase classname="com.devtools.testcases.PerformanceTabDetails" name="verifyPerformanceTabDetails" time="0.0">
    <ignored/>
  </testcase> <!-- verifyPerformanceTabDetails -->
  <testcase classname="com.devtools.testcases.PerformanceTabDetails" name="verifyBrowserCookiesDetails" time="0.0">
    <ignored/>
  </testcase> <!-- verifyBrowserCookiesDetails -->
</testsuite> <!-- Default test -->
