<?xml version="1.0" encoding="UTF-8"?>
<testng-results ignored="2" total="3" passed="1" failed="0" skipped="0">
  <reporter-output>
  </reporter-output>
  <suite started-at="2024-12-29T14:17:15 AST" name="Default suite" finished-at="2024-12-29T14:17:50 AST" duration-ms="35543">
    <groups>
    </groups>
    <test started-at="2024-12-29T14:17:15 AST" name="Default test" finished-at="2024-12-29T14:17:50 AST" duration-ms="35543">
      <class name="com.devtools.testcases.PerformanceTabDetails">
        <test-method is-config="true" signature="browserSetup()[pri:0, instance:com.devtools.testcases.PerformanceTabDetails@245b4bdc]" started-at="2024-12-29T14:17:15 AST" name="browserSetup" finished-at="2024-12-29T14:17:16 AST" duration-ms="1136" status="PASS">
          <reporter-output>
          </reporter-output>
        </test-method> <!-- browserSetup -->
        <test-method signature="verifyRecordResponse()[pri:0, instance:com.devtools.testcases.PerformanceTabDetails@245b4bdc]" started-at="2024-12-29T14:17:16 AST" name="verifyRecordResponse" finished-at="2024-12-29T14:17:50 AST" duration-ms="34282" status="PASS">
          <reporter-output>
          </reporter-output>
        </test-method> <!-- verifyRecordResponse -->
        <test-method is-config="true" signature="browserClose()[pri:0, instance:com.devtools.testcases.PerformanceTabDetails@245b4bdc]" started-at="2024-12-29T14:17:50 AST" name="browserClose" finished-at="2024-12-29T14:17:50 AST" duration-ms="103" status="PASS">
          <reporter-output>
          </reporter-output>
        </test-method> <!-- browserClose -->
      </class> <!-- com.devtools.testcases.PerformanceTabDetails -->
    </test> <!-- Default test -->
  </suite> <!-- Default suite -->
</testng-results>
