<?xml version="1.0" encoding="UTF-8"?>
<testng-results ignored="0" total="1" passed="1" failed="0" skipped="0">
  <reporter-output>
  </reporter-output>
  <suite started-at="2024-09-12T00:50:33 AST" name="Default suite" finished-at="2024-09-12T00:50:46 AST" duration-ms="12903">
    <groups>
    </groups>
    <test started-at="2024-09-12T00:50:33 AST" name="Default test" finished-at="2024-09-12T00:50:46 AST" duration-ms="12903">
      <class name="com.devtools.testcases.EmulatingGeoLocation">
        <test-method is-config="true" signature="browserSetup()[pri:0, instance:com.devtools.testcases.EmulatingGeoLocation@67d48005]" started-at="2024-09-12T00:50:33 AST" name="browserSetup" finished-at="2024-09-12T00:50:34 AST" duration-ms="1474" status="PASS">
          <reporter-output>
          </reporter-output>
        </test-method> <!-- browserSetup -->
        <test-method signature="verifyGeolocationisEmulated()[pri:0, instance:com.devtools.testcases.EmulatingGeoLocation@67d48005]" started-at="2024-09-12T00:50:34 AST" name="verifyGeolocationisEmulated" finished-at="2024-09-12T00:50:45 AST" duration-ms="11222" status="PASS">
          <reporter-output>
          </reporter-output>
        </test-method> <!-- verifyGeolocationisEmulated -->
        <test-method is-config="true" signature="browserClose()[pri:0, instance:com.devtools.testcases.EmulatingGeoLocation@67d48005]" started-at="2024-09-12T00:50:45 AST" name="browserClose" finished-at="2024-09-12T00:50:46 AST" duration-ms="185" status="PASS">
          <reporter-output>
          </reporter-output>
        </test-method> <!-- browserClose -->
      </class> <!-- com.devtools.testcases.EmulatingGeoLocation -->
    </test> <!-- Default test -->
  </suite> <!-- Default suite -->
</testng-results>
