<?xml version="1.0" encoding="UTF-8"?>
<!-- Generated by org.testng.reporters.JUnitReportReporter -->
<testsuite hostname="DESKTOP-2PSCSJ2" failures="0" tests="3" name="com.devtools.testcases.PerformanceTabDetails" time="34.282" errors="0" timestamp="2024-12-29T14:17:50 AST" skipped="2">
  <testcase classname="com.devtools.testcases.PerformanceTabDetails" name="verifyRecordResponse" time="34.282"/>
  <system-out/>
  <testcase classname="com.devtools.testcases.PerformanceTabDetails" name="verifyPerformanceTabDetails">
    <skipped/>
  </testcase> <!-- verifyPerformanceTabDetails -->
  <system-out/>
  <testcase classname="com.devtools.testcases.PerformanceTabDetails" name="verifyBrowserCookiesDetails">
    <skipped/>
  </testcase> <!-- verifyBrowserCookiesDetails -->
  <system-out/>
</testsuite> <!-- com.devtools.testcases.PerformanceTabDetails -->
